Scgcheck 2.01.01a61 (i686-pc-cygwin) SCSI user level transport library ABI checker.
Copyright (C) 1998-2008 Jörg Schilling
**********> Checking whether your implementation supports to scan the SCSI bus.
Trying to open device: '(NULL POINTER)'.
Using libscg version 'schily-0.9'
Using libscg transport code version 'schily-SPTI-scsi-wnt.c-1.46'
Using kernel transport code version '<data unavaiable>'
Using remote transport code version '<data unavaiable>-<data unavaiable>'
Max DMA buffer size: 64512
scsibus0:
	0,0,0	  0) *
	0,1,0	  1) *
	0,2,0	  2) *
	0,3,0	  3) *
	0,4,0	  4) *
	0,5,0	  5) *
	0,6,0	  6) *
	0,7,0	  7) HOST ADAPTOR
scsibus1:
	1,0,0	100) 'WDC WD80' '0JD-60JRC0      ' '05.0' Disk
	1,1,0	101) *
	1,2,0	102) *
	1,3,0	103) *
	1,4,0	104) *
	1,5,0	105) *
	1,6,0	106) *
	1,7,0	107) HOST ADAPTOR
scsibus2:
	2,0,0	200) *
	2,1,0	201) *
	2,2,0	202) *
	2,3,0	203) *
	2,4,0	204) *
	2,5,0	205) *
	2,6,0	206) *
	2,7,0	207) HOST ADAPTOR
scsibus3:
	3,0,0	300) 'HL-DT-ST' 'DVD-ROM GDR8163B' '0B26' Removable CD-ROM
	3,1,0	301) *
	3,2,0	302) *
	3,3,0	303) *
	3,4,0	304) *
	3,5,0	305) *
	3,6,0	306) *
	3,7,0	307) HOST ADAPTOR
----------> SCSI scan bus test PASSED
For the next test we need to open a single SCSI device.
Best results will be obtained if you specify a modern CD-ROM drive.
