#
# A fatal error has been detected by the Java Runtime Environment:
#
#  EXCEPTION_ACCESS_VIOLATION (0xc0000005) at pc=0x000000006d199dfd, pid=2984, tid=4576
#
# JRE version: 6.0_19-b04
# Java VM: Java HotSpot(TM) 64-Bit Server VM (16.2-b04 mixed mode windows-amd64 )
# Problematic frame:
# C  [awt.dll+0xf9dfd]
#
# If you would like to submit a bug report, please visit:
#   http://java.sun.com/webapps/bugreport/crash.jsp
# The crash happened outside the Java Virtual Machine in native code.
# See problematic frame for where to report the bug.
#

---------------  T H R E A D  ---------------

Current thread (0x000000004acfd800):  JavaThread "AWT-Windows" daemon [_thread_in_native, id=4576, stack(0x000000004b7d0000,0x000000004b8d0000)]

siginfo: ExceptionCode=0xc0000005, reading address 0x0000000000000000

Registers:
EAX=0x0000000000002000, EBX=0x000000004ad5af70, ECX=0x0000000000000000, EDX=0x00000000000000a4
ESP=0x000000004b8cf410, EBP=0x0000000000000000, ESI=0x0000000000000006, EDI=0x0000000000000000
EIP=0x000000006d199dfd, EFLAGS=0x0000000000010202

Top of Stack: (sp=0x000000004b8cf410)
0x000000004b8cf410:   000000004b8cf4e8 0000000000000000
0x000000004b8cf420:   000000006d1707c0 000007fefe721574
0x000000004b8cf430:   0000000000ab87f8 00000000773771ca
0x000000004b8cf440:   0000000000000000 000000004acfd9b8
0x000000004b8cf450:   000000004b8cf538 000000006dac4a28
0x000000004b8cf460:   00000000058764e8 000000006d18d8cb
0x000000004b8cf470:   000000004ad50c70 0000000000000004
0x000000004b8cf480:   0000000000000001 0000000000000000
0x000000004b8cf490:   000000004acfd9b8 000000006d18d9cb
0x000000004b8cf4a0:   0000000000000000 000000006d1710fc
0x000000004b8cf4b0:   000000004ad50c70 0000000000000000
0x000000004b8cf4c0:   000000004acfd9b8 000000006d18db08
0x000000004b8cf4d0:   0000000000000070 000000004ad50c70
0x000000004b8cf4e0:   0000000000000001 0000000000000000
0x000000004b8cf4f0:   000000004ad50c70 000000006d121a3e
0x000000004b8cf500:   00000000002ef3f0 000000004b8cf688 

Instructions: (pc=0x000000006d199dfd)
0x000000006d199ded:   20 00 00 41 b9 00 10 00 00 44 8b c6 44 0f 44 c8
0x000000006d199dfd:   48 8b 01 41 c1 e0 05 44 89 4c 24 20 4c 8d 4c 24 


Stack: [0x000000004b7d0000,0x000000004b8d0000],  sp=0x000000004b8cf410,  free space=3fd0000000000000000k
Native frames: (J=compiled Java code, j=interpreted, Vv=VM code, C=native code)
C  [awt.dll+0xf9dfd]

[error occurred during error reporting (printing native stack), id 0xc0000005]

Java frames: (J=compiled Java code, j=interpreted, Vv=VM code)
j  sun.awt.windows.WToolkit.eventLoop()V+0
j  sun.awt.windows.WToolkit.run()V+77
j  java.lang.Thread.run()V+11
v  ~StubRoutines::call_stub

---------------  P R O C E S S  ---------------

Java Threads: ( => current thread )
  0x000000004aca5000 JavaThread "Thread-1" daemon [_thread_in_native, id=1200, stack(0x0000000050030000,0x0000000050130000)]
  0x00000000005ec000 JavaThread "DestroyJavaVM" [_thread_blocked, id=1896, stack(0x00000000022a0000,0x00000000023a0000)]
  0x000000004f0b6800 JavaThread "AWT-EventQueue-0" [_thread_blocked, id=1008, stack(0x000000004f460000,0x000000004f560000)]
=>0x000000004acfd800 JavaThread "AWT-Windows" daemon [_thread_in_native, id=4576, stack(0x000000004b7d0000,0x000000004b8d0000)]
  0x000000004ad44000 JavaThread "AWT-Shutdown" [_thread_blocked, id=4852, stack(0x000000004b6d0000,0x000000004b7d0000)]
  0x000000004ac8b000 JavaThread "Java2D Disposer" daemon [_thread_blocked, id=2588, stack(0x000000004b5d0000,0x000000004b6d0000)]
  0x00000000006ee000 JavaThread "Low Memory Detector" daemon [_thread_blocked, id=2000, stack(0x000000004b220000,0x000000004b320000)]
  0x00000000006eb800 JavaThread "CompilerThread1" daemon [_thread_blocked, id=2244, stack(0x000000004b120000,0x000000004b220000)]
  0x00000000006e2800 JavaThread "CompilerThread0" daemon [_thread_blocked, id=2648, stack(0x000000004b020000,0x000000004b120000)]
  0x00000000006df800 JavaThread "Attach Listener" daemon [_thread_blocked, id=3680, stack(0x000000004af20000,0x000000004b020000)]
  0x00000000006de800 JavaThread "Signal Dispatcher" daemon [_thread_blocked, id=2504, stack(0x000000004ae20000,0x000000004af20000)]
  0x00000000006c6000 JavaThread "Finalizer" daemon [_thread_blocked, id=4300, stack(0x000000004ab20000,0x000000004ac20000)]
  0x00000000006c2800 JavaThread "Reference Handler" daemon [_thread_blocked, id=1604, stack(0x000000004aa20000,0x000000004ab20000)]

Other Threads:
  0x00000000006bd800 VMThread [stack: 0x000000004a920000,0x000000004aa20000] [id=3104]
  0x000000004ac63800 WatcherThread [stack: 0x000000004b320000,0x000000004b420000] [id=4476]

VM state:not at safepoint (normal execution)

VM Mutex/Monitor currently owned by a thread: None

Heap
 PSYoungGen      total 18944K, used 5960K [0x0000000034dc0000, 0x00000000362e0000, 0x000000004a060000)
  eden space 16256K, 36% used [0x0000000034dc0000,0x0000000035392248,0x0000000035da0000)
  from space 2688K, 0% used [0x0000000036040000,0x0000000036040000,0x00000000362e0000)
  to   space 2688K, 0% used [0x0000000035da0000,0x0000000035da0000,0x0000000036040000)
 PSOldGen        total 43392K, used 0K [0x000000000a860000, 0x000000000d2c0000, 0x0000000034dc0000)
  object space 43392K, 0% used [0x000000000a860000,0x000000000a860000,0x000000000d2c0000)
 PSPermGen       total 21248K, used 9649K [0x0000000005460000, 0x0000000006920000, 0x000000000a860000)
  object space 21248K, 45% used [0x0000000005460000,0x0000000005dcc448,0x0000000006920000)

Dynamic libraries:
0x0000000000400000 - 0x000000000042e000 	C:\Program Files\Java\jdk1.6.0_19\bin\javaw.exe
0x0000000077580000 - 0x000000007772b000 	C:\Windows\SYSTEM32\ntdll.dll
0x0000000077460000 - 0x000000007757f000 	C:\Windows\system32\kernel32.dll
0x000007fefd590000 - 0x000007fefd5fb000 	C:\Windows\system32\KERNELBASE.dll
0x000007fefdec0000 - 0x000007fefdf9b000 	C:\Windows\system32\ADVAPI32.dll
0x000007fefd8b0000 - 0x000007fefd94f000 	C:\Windows\system32\msvcrt.dll
0x000007fefe750000 - 0x000007fefe76f000 	C:\Windows\SYSTEM32\sechost.dll
0x000007fefd950000 - 0x000007fefda7e000 	C:\Windows\system32\RPCRT4.dll
0x0000000077360000 - 0x000000007745a000 	C:\Windows\system32\USER32.dll
0x000007fefe770000 - 0x000007fefe7d7000 	C:\Windows\system32\GDI32.dll
0x000007fefe440000 - 0x000007fefe44e000 	C:\Windows\system32\LPK.dll
0x000007fefe450000 - 0x000007fefe51a000 	C:\Windows\system32\USP10.dll
0x000007fefd3b0000 - 0x000007fefd407000 	C:\Windows\system32\apphelp.dll
0x000007feec4e0000 - 0x000007feec531000 	C:\Windows\AppPatch\AppPatch64\AcGenral.DLL
0x000007fefd380000 - 0x000007fefd3a5000 	C:\Windows\system32\SspiCli.dll
0x000007fefddc0000 - 0x000007fefde31000 	C:\Windows\system32\SHLWAPI.dll
0x000007fefe8f0000 - 0x000007fefeaf2000 	C:\Windows\system32\ole32.dll
0x000007fefeb00000 - 0x000007feff886000 	C:\Windows\system32\SHELL32.dll
0x00000000731a0000 - 0x00000000731a3000 	C:\Windows\system32\sfc.dll
0x000007fefa230000 - 0x000007fefa240000 	C:\Windows\system32\sfc_os.DLL
0x000007fefc7e0000 - 0x000007fefc7fe000 	C:\Windows\system32\USERENV.dll
0x000007fefd4e0000 - 0x000007fefd4ef000 	C:\Windows\system32\profapi.dll
0x000007fefb740000 - 0x000007fefb758000 	C:\Windows\system32\dwmapi.dll
0x000007fef7d60000 - 0x000007fef7d78000 	C:\Windows\system32\MPR.dll
0x000007fefe720000 - 0x000007fefe74e000 	C:\Windows\system32\IMM32.DLL
0x000007fefe7e0000 - 0x000007fefe8e9000 	C:\Windows\system32\MSCTF.dll
0x000000006d890000 - 0x000000006df35000 	C:\Program Files\Java\jdk1.6.0_19\jre\bin\server\jvm.dll
0x000007fefc290000 - 0x000007fefc2cb000 	C:\Windows\system32\WINMM.dll
0x000000006d800000 - 0x000000006d80e000 	C:\Program Files\Java\jdk1.6.0_19\jre\bin\verify.dll
0x000000006d450000 - 0x000000006d477000 	C:\Program Files\Java\jdk1.6.0_19\jre\bin\java.dll
0x000000006d3b0000 - 0x000000006d3ba000 	C:\Program Files\Java\jdk1.6.0_19\jre\bin\hpi.dll
0x0000000077750000 - 0x0000000077757000 	C:\Windows\system32\PSAPI.DLL
0x000000006d850000 - 0x000000006d862000 	C:\Program Files\Java\jdk1.6.0_19\jre\bin\zip.dll
0x000000006d0a0000 - 0x000000006d263000 	C:\Program Files\Java\jdk1.6.0_19\jre\bin\awt.dll
0x000007fef8a20000 - 0x000007fef8a90000 	C:\Windows\system32\WINSPOOL.DRV
0x000007fefbc20000 - 0x000007fefbe14000 	C:\Windows\WinSxS\amd64_microsoft.windows.common-controls_6595b64144ccf1df_6.0.7600.16661_none_fa62ad231704eab7\COMCTL32.dll
0x000007fefbb70000 - 0x000007fefbbc6000 	C:\Windows\system32\uxtheme.dll
0x000000006d340000 - 0x000000006d3ab000 	C:\Program Files\Java\jdk1.6.0_19\jre\bin\fontmanager.dll
0x000007fefd410000 - 0x000007fefd41f000 	C:\Windows\system32\CRYPTBASE.dll
0x000007feea020000 - 0x000007feea21f000 	C:\Windows\system32\d3d9.dll
0x000007fefc6a0000 - 0x000007fefc6ac000 	C:\Windows\system32\VERSION.dll
0x000007fefc380000 - 0x000007fefc387000 	C:\Windows\system32\d3d8thk.dll
0x0000000073860000 - 0x0000000073c48000 	C:\Windows\system32\atiumd64.dll
0x00000000735c0000 - 0x0000000073859000 	C:\Windows\system32\atiumd6a.dll
0x000000006d6a0000 - 0x000000006d6b7000 	C:\Program Files\Java\jdk1.6.0_19\jre\bin\net.dll
0x000007fefde40000 - 0x000007fefde8d000 	C:\Windows\system32\WS2_32.dll
0x000007fefde90000 - 0x000007fefde98000 	C:\Windows\system32\NSI.dll
0x000007fefcd50000 - 0x000007fefcda4000 	C:\Windows\system32\mswsock.dll
0x000007fefcd40000 - 0x000007fefcd47000 	C:\Windows\System32\wship6.dll
0x000000006d6c0000 - 0x000000006d6cb000 	C:\Program Files\Java\jdk1.6.0_19\jre\bin\nio.dll
0x000007fefdce0000 - 0x000007fefddb7000 	C:\Windows\system32\OLEAUT32.DLL

VM Arguments:
jvm_args: -Dfile.encoding=Cp1252 
java_command: uk.me.phillsacre.lyricdisplay.LyricDisplay
Launcher Type: SUN_STANDARD

Environment Variables:
JAVA_HOME=C:\Program Files\Java\jdk1.6.0_19
CLASSPATH=.;C:\Program Files (x86)\Java\jre6\lib\ext\QTJava.zip
PATH=C:\Program Files\Common Files\Microsoft Shared\Windows Live;C:\Program Files (x86)\Common Files\Microsoft Shared\Windows Live;C:\Windows\system32;C:\Windows;C:\Windows\System32\Wbem;C:\Windows\System32\WindowsPowerShell\v1.0\;C:\Program Files (x86)\ATI Technologies\ATI.ACE\Core-Static;C:\Program Files\Broadcom\Broadcom 802.11\Driver;C:\Program Files (x86)\QuickTime\QTSystem\;C:\Program Files (x86)\Mercurial\;C:\Program Files (x86)\apache-maven-2.2.1\bin;C:\Program Files (x86)\Windows Live\Shared
USERNAME=Phill
OS=Windows_NT
PROCESSOR_IDENTIFIER=Intel64 Family 6 Model 23 Stepping 10, GenuineIntel



---------------  S Y S T E M  ---------------

OS: Windows 7 Build 7600 

CPU:total 2 (2 cores per cpu, 1 threads per core) family 6 model 23 stepping 10, cmov, cx8, fxsr, mmx, sse, sse2, sse3, ssse3

Memory: 4k page, physical 4160704k(2221660k free), swap 8319508k(5809480k free)

vm_info: Java HotSpot(TM) 64-Bit Server VM (16.2-b04) for windows-amd64 JRE (1.6.0_19-b04), built on Mar  9 2010 00:35:55 by "java_re" with MS VC++ 8.0 (VS2005)

time: Thu Oct 28 18:23:20 2010
elapsed time: 6 seconds

